
ROM used:   1685/8192 (21%)
            1685/8192 (21%) including unused fragments

            1.7 Average locations per line
            14.8 Average locations per statement

RAM used:   47/368 (13%) at main() level
            76/368 (21%) worst case

Stack used: 6 worst case (4 in main + 2 for interrupts)
Stack size: 8

Lines Stmts  %   Files
----- ----- ---  -----
  127    42  37  main.c
  672     0   0  C:\Program Files (x86)\PICC\Devices\16F877A.h
  165    72  63  mod_lcd.c
----- -----
  964   114 Total

Page ROM  %  RAM    Vol Diff  Functions:
---- --- --- ---    --- ----  ----------
0     20   1    1             @delay_ms1
0      8   0    0             @const622
0     39   2    1    260  1.9  lcd_envia_nibble
0     33   2    3    176  2.7  lcd_envia_byte
0     61   4    2    433  4.3  lcd_ini
 Inline         4    186  5.5  lcd_pos_xy
0     55   3    1    290  4.1  lcd_escreve
0     27   2    1     59  1.6  leituraADC
0     53   3    0    171  4.1  RTCC_isr
0     37   2    2    975  5.7  @SITOF
0    117   7   13             @MULFF
0    405  24    4   1115  5.7  MAIN
0    323  19   16             @ADDFF
0     33   2    4             @SFTOI
0     46   3    6             @MULS1616
0      9   1    0             @const677
0     87   5    5             @PSTRINGCN7_638
0    128   8    9             @PRINTF_LD_638
0      7   0    0             @const682
0    118   7    9             @PRINTF_LD_9600_62_63
 Inline         0             @cinit1

Program metrics:
    Functions               9
    Statements              114
    Comments                179
    Volume (V)              5500
    Difficulty (D)          34.6
    Effort to implement (E) 190454
    Time to implement (T)   2 hours, 56 minutes
    Est Delivered Bugs (B)  1
    Cyclomatic Complexity   10
    Maintainability (MI)    126

 Segment     Used  Free
-----------  ----  ----
00000-00003     4  0  
00004-0004E    75  0  
0004F-007FF  1606  363  
00800-00FFF     0  2048  
01000-017FF     0  2048  
01800-01FFF     0  2048  



