CCS PCM C Compiler, Version 5.025, 7201               08-abr-21 21:53

               Filename:   E:\tales\Documents\Faculdade\Projetos Micro\Projeto Trabalho Proposta B\Pronto\Controle-PID-Temperatura-PIC\Pic\main.lst

               ROM used:   1833 words (22%)
                           Largest free fragment is 2048
               RAM used:   51 (14%) at main() level
                           80 (22%) worst case
               Stack used: 6 locations (4 in main + 2 for interrupts)
               Stack size: 8

*
0000:  MOVLW  05
0001:  MOVWF  0A
0002:  GOTO   563
0003:  NOP
0004:  MOVWF  7F
0005:  SWAPF  03,W
0006:  CLRF   03
0007:  MOVWF  21
0008:  MOVF   0A,W
0009:  MOVWF  20
000A:  CLRF   0A
000B:  MOVF   04,W
000C:  MOVWF  22
000D:  MOVF   77,W
000E:  MOVWF  23
000F:  MOVF   78,W
0010:  MOVWF  24
0011:  MOVF   79,W
0012:  MOVWF  25
0013:  MOVF   7A,W
0014:  MOVWF  26
0015:  BSF    03.6
0016:  MOVF   0D,W
0017:  BCF    03.6
0018:  MOVWF  27
0019:  BSF    03.6
001A:  MOVF   0F,W
001B:  BCF    03.6
001C:  MOVWF  28
001D:  BSF    03.6
001E:  MOVF   0C,W
001F:  BCF    03.6
0020:  MOVWF  29
0021:  BSF    03.6
0022:  MOVF   0E,W
0023:  BCF    03.6
0024:  MOVWF  2A
0025:  BCF    03.7
0026:  BCF    03.5
0027:  BTFSS  0B.5
0028:  GOTO   02B
0029:  BTFSC  0B.2
002A:  GOTO   04C
002B:  MOVF   22,W
002C:  MOVWF  04
002D:  MOVF   23,W
002E:  MOVWF  77
002F:  MOVF   24,W
0030:  MOVWF  78
0031:  MOVF   25,W
0032:  MOVWF  79
0033:  MOVF   26,W
0034:  MOVWF  7A
0035:  MOVF   27,W
0036:  BSF    03.6
0037:  MOVWF  0D
0038:  BCF    03.6
0039:  MOVF   28,W
003A:  BSF    03.6
003B:  MOVWF  0F
003C:  BCF    03.6
003D:  MOVF   29,W
003E:  BSF    03.6
003F:  MOVWF  0C
0040:  BCF    03.6
0041:  MOVF   2A,W
0042:  BSF    03.6
0043:  MOVWF  0E
0044:  BCF    03.6
0045:  MOVF   20,W
0046:  MOVWF  0A
0047:  SWAPF  21,W
0048:  MOVWF  03
0049:  SWAPF  7F,F
004A:  SWAPF  7F,W
004B:  RETFIE
004C:  BCF    0A.3
004D:  BCF    0A.4
004E:  GOTO   0CC
.................... #include <16F877A.h> 
.................... //////////// Standard Header file for the PIC16F877A device //////////////// 
.................... /////////////////////////////////////////////////////////////////////////// 
.................... ////        (C) Copyright 1996, 2013 Custom Computer Services          //// 
.................... //// This source code may only be used by licensed users of the CCS C  //// 
.................... //// compiler.  This source code may only be distributed to other      //// 
.................... //// licensed users of the CCS C compiler.  No other use, reproduction //// 
.................... //// or distribution is permitted without written permission.          //// 
.................... //// Derivative programs created using this software in object code    //// 
.................... //// form are not restricted in any way.                               //// 
.................... /////////////////////////////////////////////////////////////////////////// 
.................... #device PIC16F877A 
004F:  BCF    0A.0
0050:  BCF    0A.1
0051:  BCF    0A.2
0052:  ADDWF  02,F
0053:  RETLW  28
0054:  RETLW  0F
0055:  RETLW  01
0056:  RETLW  06
0057:  MOVF   5E,W
0058:  BTFSC  03.2
0059:  GOTO   0C7
005A:  MOVWF  66
005B:  MOVF   62,W
005C:  BTFSC  03.2
005D:  GOTO   0C7
005E:  ADDWF  66,F
005F:  BTFSC  03.0
0060:  GOTO   068
0061:  MOVLW  7F
0062:  SUBWF  66,F
0063:  BTFSS  03.0
0064:  GOTO   0C7
0065:  BTFSC  03.2
0066:  GOTO   0C7
0067:  GOTO   06C
0068:  MOVLW  81
0069:  ADDWF  66,F
006A:  BTFSC  03.0
006B:  GOTO   0C7
006C:  MOVF   66,W
006D:  MOVWF  77
006E:  CLRF   78
006F:  CLRF   79
0070:  CLRF   7A
0071:  MOVF   5F,W
0072:  MOVWF  6A
0073:  BSF    6A.7
0074:  MOVF   60,W
0075:  MOVWF  69
0076:  MOVF   61,W
0077:  MOVWF  68
0078:  MOVLW  18
0079:  MOVWF  66
007A:  CLRF   67
007B:  BTFSS  68.0
007C:  GOTO   095
007D:  MOVF   65,W
007E:  ADDWF  7A,F
007F:  BTFSS  03.0
0080:  GOTO   087
0081:  INCF   79,F
0082:  BTFSS  03.2
0083:  GOTO   087
0084:  INCF   78,F
0085:  BTFSC  03.2
0086:  BSF    67.7
0087:  MOVF   64,W
0088:  ADDWF  79,F
0089:  BTFSS  03.0
008A:  GOTO   08E
008B:  INCF   78,F
008C:  BTFSC  03.2
008D:  BSF    67.7
008E:  MOVF   63,W
008F:  MOVWF  60
0090:  BSF    60.7
0091:  MOVF   60,W
0092:  ADDWF  78,F
0093:  BTFSC  03.0
0094:  BSF    67.7
0095:  RLF    67,F
0096:  RRF    78,F
0097:  RRF    79,F
0098:  RRF    7A,F
0099:  RRF    6A,F
009A:  RRF    69,F
009B:  RRF    68,F
009C:  BCF    03.0
009D:  DECFSZ 66,F
009E:  GOTO   07A
009F:  MOVLW  01
00A0:  ADDWF  77,F
00A1:  BTFSC  03.0
00A2:  GOTO   0C7
00A3:  BTFSC  78.7
00A4:  GOTO   0AC
00A5:  RLF    6A,F
00A6:  RLF    7A,F
00A7:  RLF    79,F
00A8:  RLF    78,F
00A9:  DECF   77,F
00AA:  BTFSC  03.2
00AB:  GOTO   0C7
00AC:  BTFSS  6A.7
00AD:  GOTO   0BD
00AE:  INCF   7A,F
00AF:  BTFSS  03.2
00B0:  GOTO   0BD
00B1:  INCF   79,F
00B2:  BTFSS  03.2
00B3:  GOTO   0BD
00B4:  INCF   78,F
00B5:  BTFSS  03.2
00B6:  GOTO   0BD
00B7:  RRF    78,F
00B8:  RRF    79,F
00B9:  RRF    7A,F
00BA:  INCF   77,F
00BB:  BTFSC  03.2
00BC:  GOTO   0C7
00BD:  MOVF   5F,W
00BE:  MOVWF  67
00BF:  MOVF   63,W
00C0:  XORWF  67,F
00C1:  BTFSS  67.7
00C2:  GOTO   0C5
00C3:  BSF    78.7
00C4:  GOTO   0CB
00C5:  BCF    78.7
00C6:  GOTO   0CB
00C7:  CLRF   77
00C8:  CLRF   78
00C9:  CLRF   79
00CA:  CLRF   7A
00CB:  RETURN
*
00E0:  MOVLW  8E
00E1:  MOVWF  77
00E2:  MOVF   5F,W
00E3:  MOVWF  78
00E4:  MOVF   5E,W
00E5:  MOVWF  79
00E6:  CLRF   7A
00E7:  MOVF   78,F
00E8:  BTFSS  03.2
00E9:  GOTO   0F4
00EA:  MOVF   79,W
00EB:  MOVWF  78
00EC:  CLRF   79
00ED:  MOVLW  08
00EE:  SUBWF  77,F
00EF:  MOVF   78,F
00F0:  BTFSS  03.2
00F1:  GOTO   0F4
00F2:  CLRF   77
00F3:  GOTO   0FC
00F4:  BCF    03.0
00F5:  BTFSC  78.7
00F6:  GOTO   0FB
00F7:  RLF    79,F
00F8:  RLF    78,F
00F9:  DECF   77,F
00FA:  GOTO   0F4
00FB:  BCF    78.7
*
010C:  MOVF   5F,W
010D:  MOVWF  66
010E:  MOVF   63,W
010F:  XORWF  66,F
0110:  BTFSS  66.7
0111:  GOTO   117
0112:  BCF    03.2
0113:  BCF    03.0
0114:  BTFSC  5F.7
0115:  BSF    03.0
0116:  GOTO   14A
0117:  MOVF   5F,W
0118:  MOVWF  66
0119:  MOVF   62,W
011A:  MOVWF  67
011B:  MOVF   5E,W
011C:  SUBWF  67,F
011D:  BTFSC  03.2
011E:  GOTO   125
011F:  BTFSS  66.7
0120:  GOTO   14A
0121:  MOVF   03,W
0122:  XORLW  01
0123:  MOVWF  03
0124:  GOTO   14A
0125:  MOVF   63,W
0126:  MOVWF  67
0127:  MOVF   5F,W
0128:  SUBWF  67,F
0129:  BTFSC  03.2
012A:  GOTO   131
012B:  BTFSS  66.7
012C:  GOTO   14A
012D:  MOVF   03,W
012E:  XORLW  01
012F:  MOVWF  03
0130:  GOTO   14A
0131:  MOVF   64,W
0132:  MOVWF  67
0133:  MOVF   60,W
0134:  SUBWF  67,F
0135:  BTFSC  03.2
0136:  GOTO   13D
0137:  BTFSS  66.7
0138:  GOTO   14A
0139:  MOVF   03,W
013A:  XORLW  01
013B:  MOVWF  03
013C:  GOTO   14A
013D:  MOVF   65,W
013E:  MOVWF  67
013F:  MOVF   61,W
0140:  SUBWF  67,F
0141:  BTFSC  03.2
0142:  GOTO   149
0143:  BTFSS  66.7
0144:  GOTO   14A
0145:  MOVF   03,W
0146:  XORLW  01
0147:  MOVWF  03
0148:  GOTO   14A
0149:  BCF    03.0
*
0164:  DATA 0C,10
0165:  DATA 45,1D
0166:  DATA A0,12
0167:  DATA 4C,32
0168:  DATA 20,2A
0169:  DATA 3A,10
016A:  DATA 25,26
016B:  DATA 64,10
016C:  DATA 0A,00
016D:  DATA 0D,10
016E:  DATA D0,24
016F:  DATA 44,1D
0170:  DATA A0,12
0171:  DATA 4C,32
0172:  DATA 20,05
0173:  DATA 00,01
*
0228:  MOVLW  8E
0229:  MOVWF  77
022A:  MOVF   4B,W
022B:  MOVWF  78
022C:  MOVF   4A,W
022D:  MOVWF  79
022E:  CLRF   7A
022F:  BTFSS  4B.7
0230:  GOTO   236
0231:  COMF   78,F
0232:  COMF   79,F
0233:  INCF   79,F
0234:  BTFSC  03.2
0235:  INCF   78,F
0236:  MOVF   78,F
0237:  BTFSS  03.2
0238:  GOTO   243
0239:  MOVF   79,W
023A:  MOVWF  78
023B:  CLRF   79
023C:  MOVLW  08
023D:  SUBWF  77,F
023E:  MOVF   78,F
023F:  BTFSS  03.2
0240:  GOTO   243
0241:  CLRF   77
0242:  GOTO   24C
0243:  BCF    03.0
0244:  BTFSC  78.7
0245:  GOTO   24A
0246:  RLF    79,F
0247:  RLF    78,F
0248:  DECF   77,F
0249:  GOTO   243
024A:  BTFSS  4B.7
024B:  BCF    78.7
024C:  RETURN
024D:  MOVLW  80
024E:  BTFSC  03.1
024F:  XORWF  53,F
0250:  CLRF   58
0251:  CLRF   59
0252:  MOVF   4F,W
0253:  MOVWF  57
0254:  MOVF   53,W
0255:  XORWF  57,F
0256:  MOVF   4E,W
0257:  BTFSC  03.2
0258:  GOTO   33D
0259:  MOVWF  56
025A:  MOVWF  77
025B:  MOVF   52,W
025C:  BTFSC  03.2
025D:  GOTO   346
025E:  SUBWF  56,F
025F:  BTFSC  03.2
0260:  GOTO   2E2
0261:  BTFSS  03.0
0262:  GOTO   2A0
0263:  MOVF   53,W
0264:  MOVWF  5C
0265:  BSF    5C.7
0266:  MOVF   54,W
0267:  MOVWF  5B
0268:  MOVF   55,W
0269:  MOVWF  5A
026A:  CLRF   59
026B:  BCF    03.0
026C:  RRF    5C,F
026D:  RRF    5B,F
026E:  RRF    5A,F
026F:  RRF    59,F
0270:  DECFSZ 56,F
0271:  GOTO   26A
0272:  BTFSS  57.7
0273:  GOTO   277
0274:  BSF    58.0
0275:  GOTO   35A
0276:  BCF    58.0
0277:  BCF    56.0
0278:  BSF    58.4
0279:  MOVLW  51
027A:  MOVWF  04
027B:  BCF    03.7
027C:  GOTO   36F
027D:  BCF    58.4
027E:  BTFSC  57.7
027F:  GOTO   28A
0280:  BTFSS  56.0
0281:  GOTO   295
0282:  RRF    5C,F
0283:  RRF    5B,F
0284:  RRF    5A,F
0285:  RRF    59,F
0286:  INCF   77,F
0287:  BTFSC  03.2
0288:  GOTO   355
0289:  GOTO   295
028A:  BTFSC  5C.7
028B:  GOTO   298
028C:  BCF    03.0
028D:  RLF    59,F
028E:  RLF    5A,F
028F:  RLF    5B,F
0290:  RLF    5C,F
0291:  DECF   77,F
0292:  BTFSC  03.2
0293:  GOTO   355
0294:  GOTO   28A
0295:  BSF    58.6
0296:  GOTO   302
0297:  BCF    58.6
0298:  MOVF   4F,W
0299:  MOVWF  57
029A:  BTFSS  57.7
029B:  GOTO   29E
029C:  BSF    5C.7
029D:  GOTO   34E
029E:  BCF    5C.7
029F:  GOTO   34E
02A0:  MOVF   52,W
02A1:  MOVWF  56
02A2:  MOVWF  77
02A3:  MOVF   4E,W
02A4:  SUBWF  56,F
02A5:  MOVF   4F,W
02A6:  MOVWF  5C
02A7:  BSF    5C.7
02A8:  MOVF   50,W
02A9:  MOVWF  5B
02AA:  MOVF   51,W
02AB:  MOVWF  5A
02AC:  CLRF   59
02AD:  BCF    03.0
02AE:  RRF    5C,F
02AF:  RRF    5B,F
02B0:  RRF    5A,F
02B1:  RRF    59,F
02B2:  DECFSZ 56,F
02B3:  GOTO   2AC
02B4:  BTFSS  57.7
02B5:  GOTO   2B9
02B6:  BSF    58.1
02B7:  GOTO   35A
02B8:  BCF    58.1
02B9:  BCF    56.0
02BA:  BSF    58.5
02BB:  MOVLW  55
02BC:  MOVWF  04
02BD:  BCF    03.7
02BE:  GOTO   36F
02BF:  BCF    58.5
02C0:  BTFSC  57.7
02C1:  GOTO   2CC
02C2:  BTFSS  56.0
02C3:  GOTO   2D7
02C4:  RRF    5C,F
02C5:  RRF    5B,F
02C6:  RRF    5A,F
02C7:  RRF    59,F
02C8:  INCF   77,F
02C9:  BTFSC  03.2
02CA:  GOTO   355
02CB:  GOTO   2D7
02CC:  BTFSC  5C.7
02CD:  GOTO   2DA
02CE:  BCF    03.0
02CF:  RLF    59,F
02D0:  RLF    5A,F
02D1:  RLF    5B,F
02D2:  RLF    5C,F
02D3:  DECF   77,F
02D4:  BTFSC  03.2
02D5:  GOTO   355
02D6:  GOTO   2CC
02D7:  BSF    58.7
02D8:  GOTO   302
02D9:  BCF    58.7
02DA:  MOVF   53,W
02DB:  MOVWF  57
02DC:  BTFSS  57.7
02DD:  GOTO   2E0
02DE:  BSF    5C.7
02DF:  GOTO   34E
02E0:  BCF    5C.7
02E1:  GOTO   34E
02E2:  MOVF   53,W
02E3:  MOVWF  5C
02E4:  BSF    5C.7
02E5:  MOVF   54,W
02E6:  MOVWF  5B
02E7:  MOVF   55,W
02E8:  MOVWF  5A
02E9:  BTFSS  57.7
02EA:  GOTO   2EF
02EB:  BCF    5C.7
02EC:  BSF    58.2
02ED:  GOTO   35A
02EE:  BCF    58.2
02EF:  CLRF   59
02F0:  BCF    56.0
02F1:  MOVLW  51
02F2:  MOVWF  04
02F3:  BCF    03.7
02F4:  GOTO   36F
02F5:  BTFSC  57.7
02F6:  GOTO   318
02F7:  MOVF   4F,W
02F8:  MOVWF  57
02F9:  BTFSS  56.0
02FA:  GOTO   302
02FB:  RRF    5C,F
02FC:  RRF    5B,F
02FD:  RRF    5A,F
02FE:  RRF    59,F
02FF:  INCF   77,F
0300:  BTFSC  03.2
0301:  GOTO   355
0302:  BTFSS  59.7
0303:  GOTO   313
0304:  INCF   5A,F
0305:  BTFSS  03.2
0306:  GOTO   313
0307:  INCF   5B,F
0308:  BTFSS  03.2
0309:  GOTO   313
030A:  INCF   5C,F
030B:  BTFSS  03.2
030C:  GOTO   313
030D:  RRF    5C,F
030E:  RRF    5B,F
030F:  RRF    5A,F
0310:  INCF   77,F
0311:  BTFSC  03.2
0312:  GOTO   355
0313:  BTFSC  58.6
0314:  GOTO   297
0315:  BTFSC  58.7
0316:  GOTO   2D9
0317:  GOTO   337
0318:  MOVLW  80
0319:  XORWF  5C,F
031A:  BTFSS  5C.7
031B:  GOTO   320
031C:  GOTO   35A
031D:  MOVF   53,W
031E:  MOVWF  57
031F:  GOTO   32D
0320:  MOVF   4F,W
0321:  MOVWF  57
0322:  MOVF   5C,F
0323:  BTFSS  03.2
0324:  GOTO   32D
0325:  MOVF   5B,F
0326:  BTFSS  03.2
0327:  GOTO   32D
0328:  MOVF   5A,F
0329:  BTFSS  03.2
032A:  GOTO   32D
032B:  CLRF   77
032C:  GOTO   34E
032D:  BTFSC  5C.7
032E:  GOTO   337
032F:  BCF    03.0
0330:  RLF    59,F
0331:  RLF    5A,F
0332:  RLF    5B,F
0333:  RLF    5C,F
0334:  DECFSZ 77,F
0335:  GOTO   32D
0336:  GOTO   355
0337:  BTFSS  57.7
0338:  GOTO   33B
0339:  BSF    5C.7
033A:  GOTO   34E
033B:  BCF    5C.7
033C:  GOTO   34E
033D:  MOVF   52,W
033E:  MOVWF  77
033F:  MOVF   53,W
0340:  MOVWF  5C
0341:  MOVF   54,W
0342:  MOVWF  5B
0343:  MOVF   55,W
0344:  MOVWF  5A
0345:  GOTO   34E
0346:  MOVF   4E,W
0347:  MOVWF  77
0348:  MOVF   4F,W
0349:  MOVWF  5C
034A:  MOVF   50,W
034B:  MOVWF  5B
034C:  MOVF   51,W
034D:  MOVWF  5A
034E:  MOVF   5C,W
034F:  MOVWF  78
0350:  MOVF   5B,W
0351:  MOVWF  79
0352:  MOVF   5A,W
0353:  MOVWF  7A
0354:  GOTO   38D
0355:  CLRF   77
0356:  CLRF   78
0357:  CLRF   79
0358:  CLRF   7A
0359:  GOTO   38D
035A:  CLRF   59
035B:  COMF   5A,F
035C:  COMF   5B,F
035D:  COMF   5C,F
035E:  COMF   59,F
035F:  INCF   59,F
0360:  BTFSS  03.2
0361:  GOTO   368
0362:  INCF   5A,F
0363:  BTFSS  03.2
0364:  GOTO   368
0365:  INCF   5B,F
0366:  BTFSC  03.2
0367:  INCF   5C,F
0368:  BTFSC  58.0
0369:  GOTO   276
036A:  BTFSC  58.1
036B:  GOTO   2B8
036C:  BTFSC  58.2
036D:  GOTO   2EE
036E:  GOTO   31D
036F:  MOVF   00,W
0370:  ADDWF  5A,F
0371:  BTFSS  03.0
0372:  GOTO   379
0373:  INCF   5B,F
0374:  BTFSS  03.2
0375:  GOTO   379
0376:  INCF   5C,F
0377:  BTFSC  03.2
0378:  BSF    56.0
0379:  DECF   04,F
037A:  MOVF   00,W
037B:  ADDWF  5B,F
037C:  BTFSS  03.0
037D:  GOTO   381
037E:  INCF   5C,F
037F:  BTFSC  03.2
0380:  BSF    56.0
0381:  DECF   04,F
0382:  MOVF   00,W
0383:  BTFSS  00.7
0384:  XORLW  80
0385:  ADDWF  5C,F
0386:  BTFSC  03.0
0387:  BSF    56.0
0388:  BTFSC  58.4
0389:  GOTO   27D
038A:  BTFSC  58.5
038B:  GOTO   2BF
038C:  GOTO   2F5
038D:  BCF    0A.3
038E:  BCF    0A.4
038F:  GOTO   631 (RETURN)
0390:  MOVLW  8E
0391:  MOVWF  77
0392:  MOVF   4A,W
0393:  SUBWF  77,F
0394:  MOVF   4B,W
0395:  MOVWF  79
0396:  MOVF   4C,W
0397:  MOVWF  78
0398:  BSF    79.7
0399:  MOVF   77,F
039A:  BTFSC  03.2
039B:  GOTO   3A7
039C:  BCF    03.0
039D:  MOVF   79,F
039E:  BTFSS  03.2
039F:  GOTO   3A3
03A0:  MOVF   78,F
03A1:  BTFSC  03.2
03A2:  GOTO   3A7
03A3:  RRF    79,F
03A4:  RRF    78,F
03A5:  DECFSZ 77,F
03A6:  GOTO   39C
03A7:  BTFSS  4B.7
03A8:  GOTO   3AE
03A9:  COMF   78,F
03AA:  COMF   79,F
03AB:  INCF   78,F
03AC:  BTFSC  03.2
03AD:  INCF   79,F
03AE:  BCF    0A.3
03AF:  BCF    0A.4
03B0:  GOTO   63A (RETURN)
03B1:  MOVF   4D,W
03B2:  XORWF  4F,W
03B3:  ANDLW  80
03B4:  MOVWF  51
03B5:  BTFSS  4D.7
03B6:  GOTO   3BC
03B7:  COMF   4C,F
03B8:  COMF   4D,F
03B9:  INCF   4C,F
03BA:  BTFSC  03.2
03BB:  INCF   4D,F
03BC:  BTFSS  4F.7
03BD:  GOTO   3C3
03BE:  COMF   4E,F
03BF:  COMF   4F,F
03C0:  INCF   4E,F
03C1:  BTFSC  03.2
03C2:  INCF   4F,F
03C3:  MOVLW  10
03C4:  MOVWF  50
03C5:  CLRF   77
03C6:  CLRF   7A
03C7:  RRF    4D,F
03C8:  RRF    4C,F
03C9:  BTFSS  03.0
03CA:  GOTO   3D1
03CB:  MOVF   4E,W
03CC:  ADDWF  77,F
03CD:  BTFSC  03.0
03CE:  INCF   7A,F
03CF:  MOVF   4F,W
03D0:  ADDWF  7A,F
03D1:  RRF    7A,F
03D2:  RRF    77,F
03D3:  RRF    79,F
03D4:  RRF    78,F
03D5:  DECFSZ 50,F
03D6:  GOTO   3C7
03D7:  BTFSS  51.7
03D8:  GOTO   3DE
03D9:  COMF   78,F
03DA:  COMF   79,F
03DB:  INCF   78,F
03DC:  BTFSC  03.2
03DD:  INCF   79,F
03DE:  RETURN
*
0416:  MOVF   0B,W
0417:  MOVWF  4B
0418:  BCF    0B.7
0419:  BSF    03.5
041A:  BSF    03.6
041B:  BSF    0C.7
041C:  BSF    0C.0
041D:  NOP
041E:  NOP
041F:  BCF    03.5
0420:  BCF    03.6
0421:  BTFSC  4B.7
0422:  BSF    0B.7
0423:  BTFSC  03.0
0424:  GOTO   44D
0425:  BSF    03.6
0426:  MOVF   0C,W
0427:  ANDLW  7F
0428:  BCF    03.6
0429:  MOVWF  4B
042A:  BSF    03.6
042B:  MOVF   0D,W
042C:  BCF    03.6
042D:  MOVWF  4C
042E:  BSF    03.6
042F:  MOVF   0F,W
0430:  BCF    03.6
0431:  MOVWF  4D
0432:  MOVF   4B,W
0433:  MOVWF  53
0434:  CALL   3DF
0435:  MOVF   4C,W
0436:  BSF    03.6
0437:  MOVWF  0D
0438:  BCF    03.6
0439:  MOVF   4D,W
043A:  BSF    03.6
043B:  MOVWF  0F
043C:  BCF    03.6
043D:  MOVF   0B,W
043E:  MOVWF  4E
043F:  BCF    0B.7
0440:  BSF    03.5
0441:  BSF    03.6
0442:  BSF    0C.7
0443:  BSF    0C.0
0444:  NOP
0445:  NOP
0446:  BCF    03.5
0447:  BCF    03.6
0448:  BTFSC  4E.7
0449:  BSF    0B.7
044A:  DECFSZ 4A,F
044B:  GOTO   44D
044C:  GOTO   46C
044D:  BSF    03.6
044E:  RLF    0C,W
044F:  RLF    0E,W
0450:  ANDLW  7F
0451:  BCF    03.6
0452:  MOVWF  4B
0453:  BSF    03.6
0454:  MOVF   0D,W
0455:  BCF    03.6
0456:  MOVWF  4C
0457:  BSF    03.6
0458:  MOVF   0F,W
0459:  BCF    03.6
045A:  MOVWF  4D
045B:  MOVF   4B,W
045C:  MOVWF  53
045D:  CALL   3DF
045E:  MOVF   4C,W
045F:  BSF    03.6
0460:  MOVWF  0D
0461:  BCF    03.6
0462:  MOVF   4D,W
0463:  BSF    03.6
0464:  MOVWF  0F
0465:  INCF   0D,F
0466:  BTFSC  03.2
0467:  INCF   0F,F
0468:  BCF    03.0
0469:  BCF    03.6
046A:  DECFSZ 4A,F
046B:  GOTO   416
046C:  RETURN
046D:  CLRF   52
046E:  MOVF   04,W
046F:  MOVWF  51
0470:  BCF    52.0
0471:  BTFSC  03.7
0472:  BSF    52.0
0473:  BTFSS  4B.7
0474:  GOTO   47D
0475:  BSF    51.7
0476:  BTFSS  51.4
0477:  INCF   51,F
0478:  COMF   4A,F
0479:  COMF   4B,F
047A:  INCF   4A,F
047B:  BTFSC  03.2
047C:  INCF   4B,F
047D:  SWAPF  4B,W
047E:  IORLW  F0
047F:  MOVWF  4D
0480:  ADDWF  4D,F
0481:  ADDLW  E2
0482:  MOVWF  4E
0483:  ADDLW  32
0484:  MOVWF  50
0485:  MOVF   4B,W
0486:  ANDLW  0F
0487:  ADDWF  4E,F
0488:  ADDWF  4E,F
0489:  ADDWF  50,F
048A:  ADDLW  E9
048B:  MOVWF  4F
048C:  ADDWF  4F,F
048D:  ADDWF  4F,F
048E:  SWAPF  4A,W
048F:  ANDLW  0F
0490:  ADDWF  4F,F
0491:  ADDWF  50,F
0492:  RLF    4F,F
0493:  RLF    50,F
0494:  COMF   50,F
0495:  RLF    50,F
0496:  MOVF   4A,W
0497:  ANDLW  0F
0498:  ADDWF  50,F
0499:  RLF    4D,F
049A:  MOVLW  07
049B:  MOVWF  4C
049C:  MOVLW  0A
049D:  ADDWF  50,F
049E:  DECF   4F,F
049F:  BTFSS  03.0
04A0:  GOTO   49D
04A1:  ADDWF  4F,F
04A2:  DECF   4E,F
04A3:  BTFSS  03.0
04A4:  GOTO   4A1
04A5:  ADDWF  4E,F
04A6:  DECF   4D,F
04A7:  BTFSS  03.0
04A8:  GOTO   4A5
04A9:  ADDWF  4D,F
04AA:  DECF   4C,F
04AB:  BTFSS  03.0
04AC:  GOTO   4A9
04AD:  MOVLW  4C
04AE:  MOVWF  04
04AF:  BCF    03.7
04B0:  MOVLW  07
04B1:  ANDWF  51,W
04B2:  BCF    51.6
04B3:  DECF   04,F
04B4:  ANDWF  51,W
04B5:  BTFSS  03.2
04B6:  GOTO   4BE
04B7:  BTFSC  51.4
04B8:  INCF   04,F
04B9:  BTFSC  51.4
04BA:  GOTO   4BE
04BB:  MOVLW  20
04BC:  MOVWF  77
04BD:  GOTO   4DB
04BE:  ADDWF  04,F
04BF:  MOVLW  50
04C0:  SUBWF  04,W
04C1:  BTFSC  03.2
04C2:  BSF    51.6
04C3:  MOVF   00,W
04C4:  MOVWF  77
04C5:  BTFSS  03.2
04C6:  GOTO   4CF
04C7:  BTFSC  51.6
04C8:  GOTO   4CF
04C9:  BTFSC  51.4
04CA:  GOTO   4E9
04CB:  BTFSC  51.3
04CC:  GOTO   4CF
04CD:  MOVLW  20
04CE:  GOTO   4DA
04CF:  BTFSS  51.7
04D0:  GOTO   4D7
04D1:  MOVLW  2D
04D2:  MOVWF  77
04D3:  DECF   04,F
04D4:  BCF    51.6
04D5:  BCF    51.7
04D6:  GOTO   4DB
04D7:  BSF    51.3
04D8:  BCF    51.4
04D9:  MOVLW  30
04DA:  ADDWF  77,F
04DB:  CLRF   4B
04DC:  MOVF   04,W
04DD:  MOVWF  4A
04DE:  BCF    4B.0
04DF:  BTFSC  03.7
04E0:  BSF    4B.0
04E1:  MOVF   77,W
04E2:  MOVWF  53
04E3:  CALL   3DF
04E4:  MOVF   4A,W
04E5:  MOVWF  04
04E6:  BCF    03.7
04E7:  BTFSC  4B.0
04E8:  BSF    03.7
04E9:  INCF   04,F
04EA:  BTFSS  51.6
04EB:  GOTO   4BF
04EC:  RETURN
04ED:  CLRF   52
04EE:  MOVF   04,W
04EF:  MOVWF  51
04F0:  BCF    52.0
04F1:  BTFSC  03.7
04F2:  BSF    52.0
04F3:  BTFSS  4B.7
04F4:  GOTO   4FD
04F5:  BSF    51.7
04F6:  BTFSS  51.4
04F7:  INCF   51,F
04F8:  COMF   4A,F
04F9:  COMF   4B,F
04FA:  INCF   4A,F
04FB:  BTFSC  03.2
04FC:  INCF   4B,F
04FD:  SWAPF  4B,W
04FE:  IORLW  F0
04FF:  MOVWF  4D
0500:  ADDWF  4D,F
0501:  ADDLW  E2
0502:  MOVWF  4E
0503:  ADDLW  32
0504:  MOVWF  50
0505:  MOVF   4B,W
0506:  ANDLW  0F
0507:  ADDWF  4E,F
0508:  ADDWF  4E,F
0509:  ADDWF  50,F
050A:  ADDLW  E9
050B:  MOVWF  4F
050C:  ADDWF  4F,F
050D:  ADDWF  4F,F
050E:  SWAPF  4A,W
050F:  ANDLW  0F
0510:  ADDWF  4F,F
0511:  ADDWF  50,F
0512:  RLF    4F,F
0513:  RLF    50,F
0514:  COMF   50,F
0515:  RLF    50,F
0516:  MOVF   4A,W
0517:  ANDLW  0F
0518:  ADDWF  50,F
0519:  RLF    4D,F
051A:  MOVLW  07
051B:  MOVWF  4C
051C:  MOVLW  0A
051D:  ADDWF  50,F
051E:  DECF   4F,F
051F:  BTFSS  03.0
0520:  GOTO   51D
0521:  ADDWF  4F,F
0522:  DECF   4E,F
0523:  BTFSS  03.0
0524:  GOTO   521
0525:  ADDWF  4E,F
0526:  DECF   4D,F
0527:  BTFSS  03.0
0528:  GOTO   525
0529:  ADDWF  4D,F
052A:  DECF   4C,F
052B:  BTFSS  03.0
052C:  GOTO   529
052D:  MOVLW  4C
052E:  MOVWF  04
052F:  BCF    03.7
0530:  MOVLW  07
0531:  ANDWF  51,W
0532:  BCF    51.6
0533:  DECF   04,F
0534:  ANDWF  51,W
0535:  BTFSS  03.2
0536:  GOTO   53E
0537:  BTFSC  51.4
0538:  INCF   04,F
0539:  BTFSC  51.4
053A:  GOTO   53E
053B:  MOVLW  20
053C:  MOVWF  77
053D:  GOTO   55B
053E:  ADDWF  04,F
053F:  MOVLW  50
0540:  SUBWF  04,W
0541:  BTFSC  03.2
0542:  BSF    51.6
0543:  MOVF   00,W
0544:  MOVWF  77
0545:  BTFSS  03.2
0546:  GOTO   54F
0547:  BTFSC  51.6
0548:  GOTO   54F
0549:  BTFSC  51.4
054A:  GOTO   55F
054B:  BTFSC  51.3
054C:  GOTO   54F
054D:  MOVLW  20
054E:  GOTO   55A
054F:  BTFSS  51.7
0550:  GOTO   557
0551:  MOVLW  2D
0552:  MOVWF  77
0553:  DECF   04,F
0554:  BCF    51.6
0555:  BCF    51.7
0556:  GOTO   55B
0557:  BSF    51.3
0558:  BCF    51.4
0559:  MOVLW  30
055A:  ADDWF  77,F
055B:  MOVF   77,W
055C:  BTFSS  0C.4
055D:  GOTO   55C
055E:  MOVWF  19
055F:  INCF   04,F
0560:  BTFSS  51.6
0561:  GOTO   53F
0562:  RETURN
....................  
.................... #list 
....................  
....................  
.................... #device ADC=10 
....................  
.................... #FUSES NOWDT                    //No Watch Dog Timer 
.................... #FUSES NOBROWNOUT               //No brownout reset 
.................... #FUSES NOLVP                    //No low voltage prgming, B3(PIC16) or B5(PIC18) used for I/O 
....................  
.................... #use delay(crystal=20000000) 
*
0174:  MOVLW  54
0175:  MOVWF  04
0176:  BCF    03.7
0177:  MOVF   00,W
0178:  BTFSC  03.2
0179:  GOTO   187
017A:  MOVLW  06
017B:  MOVWF  78
017C:  CLRF   77
017D:  DECFSZ 77,F
017E:  GOTO   17D
017F:  DECFSZ 78,F
0180:  GOTO   17C
0181:  MOVLW  7B
0182:  MOVWF  77
0183:  DECFSZ 77,F
0184:  GOTO   183
0185:  DECFSZ 00,F
0186:  GOTO   17A
0187:  RETURN
....................  
.................... #use rs232(baud=9600,parity=N,xmit=PIN_C6,rcv=PIN_C7,bits=8,stream=Serial) 
....................  
.................... #ifndef lcd_enable                                                              
....................    #define lcd_enable     pin_e1      // pino enable do LCD 
....................    #define lcd_rs         pin_e2      // pino rs do LCD 
....................    #define lcd_d4         pin_d4      // pino de dados d4 do LCD 
....................    #define lcd_d5         pin_d5      // pino de dados d5 do LCD 
....................    #define lcd_d6         pin_d6      // pino de dados d6 do LCD 
....................    #define lcd_d7         pin_d7      // pino de dados d7 do LCD 
.................... #endif 
....................  
.................... #include <mod_lcd.c> 
.................... /************************************************************************/ 
.................... /*  MOD_LCD.C - Biblioteca de manipulação de módulo LCD                 */ 
.................... /*                                                                      */ 
.................... /*  Autor: Fábio Pereira                                                */ 
.................... /*                                                                      */ 
.................... /************************************************************************/ 
....................  
.................... // As definições a seguir são utilizadas para acesso aos pinos do display 
.................... // caso o pino RW não seja utilizado, comente a definição lcd_rw 
.................... #ifndef lcd_enable 
....................    #define lcd_enable       pin_e1      // pino enable do LCD 
....................    #define lcd_rs         pin_e2      // pino rs do LCD 
....................    //#define lcd_rw      pin_e2      // pino rw do LCD 
....................    #define lcd_d4         pin_d4      // pino de dados d4 do LCD 
....................    #define lcd_d5         pin_d5      // pino de dados d5 do LCD 
....................    #define lcd_d6         pin_d6      // pino de dados d6 do LCD 
....................    #define lcd_d7         pin_d7      // pino de dados d7 do LCD 
.................... #endif 
....................  
.................... #define lcd_type 2           // 0=5x7, 1=5x10, 2=2 linhas 
.................... #define lcd_seg_lin 0x40    // Endereço da segunda linha na RAM do LCD 
....................  
.................... // a constante abaixo define a seqüência de inicialização do módulo LCD 
.................... byte CONST INI_LCD[4] = {0x20 | (lcd_type << 2), 0xf, 1, 6}; 
....................  
.................... byte lcd_le_byte() 
.................... // lê um byte do LCD (somente com pino RW) 
.................... { 
....................    byte dado; 
....................    // configura os pinos de dados como entradas 
....................    input(lcd_d4); 
....................    input(lcd_d5); 
....................    input(lcd_d6); 
....................    input(lcd_d7); 
....................    // se o pino rw for utilizado, coloca em 1 
....................    #ifdef lcd_rw 
....................       output_high(lcd_rw); 
....................    #endif 
....................    output_high(lcd_enable); // habilita display 
....................    dado = 0;   // zera a variável de leitura 
....................    // lê os quatro bits mais significativos 
....................    if (input(lcd_d7)) bit_set(dado,7); 
....................    if (input(lcd_d6)) bit_set(dado,6); 
....................    if (input(lcd_d5)) bit_set(dado,5); 
....................    if (input(lcd_d4)) bit_set(dado,4); 
....................    // dá um pulso na linha enable 
....................    output_low(lcd_enable); 
....................    output_high(lcd_enable); 
....................    // lê os quatro bits menos significativos 
....................    if (input(lcd_d7)) bit_set(dado,3); 
....................    if (input(lcd_d6)) bit_set(dado,2); 
....................    if (input(lcd_d5)) bit_set(dado,1); 
....................    if (input(lcd_d4)) bit_set(dado,0); 
....................    output_low(lcd_enable);   // desabilita o display 
....................    return dado;   // retorna o byte lido 
.................... } 
....................  
.................... void lcd_envia_nibble( byte dado ) 
.................... // envia um dado de quatro bits para o display 
.................... { 
....................    // coloca os quatro bits nas saidas 
....................    output_bit(lcd_d4,bit_test(dado,0)); 
0188:  BTFSC  5B.0
0189:  GOTO   18C
018A:  BCF    08.4
018B:  GOTO   18D
018C:  BSF    08.4
018D:  BSF    03.5
018E:  BCF    08.4
....................    output_bit(lcd_d5,bit_test(dado,1)); 
018F:  BCF    03.5
0190:  BTFSC  5B.1
0191:  GOTO   194
0192:  BCF    08.5
0193:  GOTO   195
0194:  BSF    08.5
0195:  BSF    03.5
0196:  BCF    08.5
....................    output_bit(lcd_d6,bit_test(dado,2)); 
0197:  BCF    03.5
0198:  BTFSC  5B.2
0199:  GOTO   19C
019A:  BCF    08.6
019B:  GOTO   19D
019C:  BSF    08.6
019D:  BSF    03.5
019E:  BCF    08.6
....................    output_bit(lcd_d7,bit_test(dado,3)); 
019F:  BCF    03.5
01A0:  BTFSC  5B.3
01A1:  GOTO   1A4
01A2:  BCF    08.7
01A3:  GOTO   1A5
01A4:  BSF    08.7
01A5:  BSF    03.5
01A6:  BCF    08.7
....................    // dá um pulso na linha enable 
....................    output_high(lcd_enable); 
01A7:  BCF    09.1
01A8:  BCF    03.5
01A9:  BSF    09.1
....................    output_low(lcd_enable); 
01AA:  BSF    03.5
01AB:  BCF    09.1
01AC:  BCF    03.5
01AD:  BCF    09.1
01AE:  RETURN
.................... } 
....................  
....................  
.................... void lcd_envia_byte( boolean endereco, byte dado ) 
.................... { 
....................    // coloca a linha rs em 0 
....................    output_low(lcd_rs); 
01AF:  BSF    03.5
01B0:  BCF    09.2
01B1:  BCF    03.5
01B2:  BCF    09.2
....................    // aguarda o display ficar desocupado 
....................    //while ( bit_test(lcd_le_byte(),7) ) ; 
....................    // configura a linha rs dependendo do modo selecionado 
....................    output_bit(lcd_rs,endereco); 
01B3:  MOVF   58,F
01B4:  BTFSS  03.2
01B5:  GOTO   1B8
01B6:  BCF    09.2
01B7:  GOTO   1B9
01B8:  BSF    09.2
01B9:  BSF    03.5
01BA:  BCF    09.2
....................    delay_us(100);   // aguarda 100 us 
01BB:  MOVLW  A6
01BC:  MOVWF  77
01BD:  DECFSZ 77,F
01BE:  GOTO   1BD
01BF:  NOP
....................    // caso a linha rw esteja definida, coloca em 0 
....................    #ifdef lcd_rw 
....................       output_low(lcd_rw); 
....................    #endif 
....................    // desativa linha enable 
....................    output_low(lcd_enable); 
01C0:  BCF    09.1
01C1:  BCF    03.5
01C2:  BCF    09.1
....................    // envia a primeira parte do byte 
....................    lcd_envia_nibble(dado >> 4); 
01C3:  SWAPF  59,W
01C4:  MOVWF  5A
01C5:  MOVLW  0F
01C6:  ANDWF  5A,F
01C7:  MOVF   5A,W
01C8:  MOVWF  5B
01C9:  CALL   188
....................    // envia a segunda parte do byte 
....................    lcd_envia_nibble(dado & 0x0f); 
01CA:  MOVF   59,W
01CB:  ANDLW  0F
01CC:  MOVWF  5A
01CD:  MOVWF  5B
01CE:  CALL   188
01CF:  RETURN
.................... } 
....................  
....................  
.................... void lcd_ini() 
.................... // rotina de inicialização do display 
.................... { 
....................    byte conta; 
....................    output_low(lcd_d4); 
01D0:  BSF    03.5
01D1:  BCF    08.4
01D2:  BCF    03.5
01D3:  BCF    08.4
....................    output_low(lcd_d5); 
01D4:  BSF    03.5
01D5:  BCF    08.5
01D6:  BCF    03.5
01D7:  BCF    08.5
....................    output_low(lcd_d6); 
01D8:  BSF    03.5
01D9:  BCF    08.6
01DA:  BCF    03.5
01DB:  BCF    08.6
....................    output_low(lcd_d7); 
01DC:  BSF    03.5
01DD:  BCF    08.7
01DE:  BCF    03.5
01DF:  BCF    08.7
....................    output_low(lcd_rs); 
01E0:  BSF    03.5
01E1:  BCF    09.2
01E2:  BCF    03.5
01E3:  BCF    09.2
....................    #ifdef lcd_rw 
....................       output_high(lcd_rw); 
....................    #endif 
....................    output_low(lcd_enable); 
01E4:  BSF    03.5
01E5:  BCF    09.1
01E6:  BCF    03.5
01E7:  BCF    09.1
....................    delay_ms(15); 
01E8:  MOVLW  0F
01E9:  MOVWF  54
01EA:  CALL   174
....................    // envia uma seqüência de 3 vezes 0x03 
....................    // e depois 0x02 para configurar o módulo 
....................    // para modo de 4 bits 
....................    for(conta=1;conta<=3;++conta) 
01EB:  MOVLW  01
01EC:  MOVWF  4A
01ED:  MOVF   4A,W
01EE:  SUBLW  03
01EF:  BTFSS  03.0
01F0:  GOTO   1F9
....................    { 
....................       lcd_envia_nibble(3); 
01F1:  MOVLW  03
01F2:  MOVWF  5B
01F3:  CALL   188
....................       delay_ms(5); 
01F4:  MOVLW  05
01F5:  MOVWF  54
01F6:  CALL   174
01F7:  INCF   4A,F
01F8:  GOTO   1ED
....................    } 
....................    lcd_envia_nibble(2); 
01F9:  MOVLW  02
01FA:  MOVWF  5B
01FB:  CALL   188
....................    // envia string de inicialização do display 
....................    for(conta=0;conta<=3;++conta) lcd_envia_byte(0,INI_LCD[conta]); 
01FC:  CLRF   4A
01FD:  MOVF   4A,W
01FE:  SUBLW  03
01FF:  BTFSS  03.0
0200:  GOTO   20A
0201:  MOVF   4A,W
0202:  CALL   04F
0203:  MOVWF  4B
0204:  CLRF   58
0205:  MOVF   4B,W
0206:  MOVWF  59
0207:  CALL   1AF
0208:  INCF   4A,F
0209:  GOTO   1FD
020A:  BCF    0A.3
020B:  BCF    0A.4
020C:  GOTO   5A7 (RETURN)
.................... } 
....................  
.................... void lcd_pos_xy( byte x, byte y) 
.................... { 
....................    byte endereco; 
....................    if(y!=1) 
*
03F9:  DECFSZ 55,W
03FA:  GOTO   3FC
03FB:  GOTO   3FF
....................       endereco = lcd_seg_lin; 
03FC:  MOVLW  40
03FD:  MOVWF  56
03FE:  GOTO   400
....................    else 
....................       endereco = 0; 
03FF:  CLRF   56
....................    endereco += x-1; 
0400:  MOVLW  01
0401:  SUBWF  54,W
0402:  ADDWF  56,F
....................    lcd_envia_byte(0,0x80|endereco); 
0403:  MOVF   56,W
0404:  IORLW  80
0405:  MOVWF  57
0406:  CLRF   58
0407:  MOVF   57,W
0408:  MOVWF  59
0409:  CALL   1AF
.................... } 
....................  
.................... void lcd_escreve( char c) 
.................... // envia caractere para o display 
.................... { 
....................    switch (c) 
*
03DF:  MOVF   53,W
03E0:  XORLW  0C
03E1:  BTFSC  03.2
03E2:  GOTO   3ED
03E3:  XORLW  06
03E4:  BTFSC  03.2
03E5:  GOTO   3F5
03E6:  XORLW  07
03E7:  BTFSC  03.2
03E8:  GOTO   3F5
03E9:  XORLW  05
03EA:  BTFSC  03.2
03EB:  GOTO   40B
03EC:  GOTO   410
....................    { 
....................      case '\f'    :   lcd_envia_byte(0,1); 
03ED:  CLRF   58
03EE:  MOVLW  01
03EF:  MOVWF  59
03F0:  CALL   1AF
....................               delay_ms(2); 
03F1:  MOVLW  02
03F2:  MOVWF  54
03F3:  CALL   174
....................             break; 
03F4:  GOTO   415
....................      case '\n'   : 
....................      case '\r'    :   lcd_pos_xy(1,2); 
03F5:  MOVLW  01
03F6:  MOVWF  54
03F7:  MOVLW  02
03F8:  MOVWF  55
....................               break; 
*
040A:  GOTO   415
....................      case '\b'    :   lcd_envia_byte(0,0x10); 
040B:  CLRF   58
040C:  MOVLW  10
040D:  MOVWF  59
040E:  CALL   1AF
....................               break; 
040F:  GOTO   415
....................      default   :   lcd_envia_byte(1,c); 
0410:  MOVLW  01
0411:  MOVWF  58
0412:  MOVF   53,W
0413:  MOVWF  59
0414:  CALL   1AF
....................               break; 
....................    } 
0415:  RETURN
.................... } 
....................  
.................... char lcd_le( byte x, byte y) 
.................... // le caractere do display 
.................... { 
....................    char valor; 
....................    // seleciona a posição do caractere 
....................    lcd_pos_xy(x,y); 
....................    // ativa rs 
....................    output_high(lcd_rs); 
....................    // lê o caractere 
....................    valor = lcd_le_byte(); 
....................    // desativa rs 
....................    output_low(lcd_rs); 
....................    // retorna o valor do caractere 
....................    return valor; 
.................... } 
....................  
....................  
.................... long leituraADC(int canal){ 
....................    set_adc_channel(canal); 
*
020D:  RLF    4A,W
020E:  MOVWF  77
020F:  RLF    77,F
0210:  RLF    77,F
0211:  MOVLW  F8
0212:  ANDWF  77,F
0213:  MOVF   1F,W
0214:  ANDLW  C7
0215:  IORWF  77,W
0216:  MOVWF  1F
....................    delay_us(10); 
0217:  MOVLW  10
0218:  MOVWF  77
0219:  DECFSZ 77,F
021A:  GOTO   219
021B:  NOP
....................    return read_adc(); 
021C:  BSF    1F.2
021D:  BTFSC  1F.2
021E:  GOTO   21D
021F:  MOVF   1E,W
0220:  MOVWF  7A
0221:  BSF    03.5
0222:  MOVF   1E,W
0223:  MOVWF  78
0224:  MOVF   7A,W
0225:  MOVWF  79
0226:  BCF    03.5
0227:  RETURN
.................... } 
....................  
.................... int passos = 0; 
....................  
.................... signed int16  
....................    temperaturaLida = 0.0, 
....................    temperaturaUsuario = 0.0, 
....................    ultimaTemperatura = 0.0, 
....................    controlePID = 0.0, 
....................    erro = 0.0, 
....................    p = 0.0, 
....................    i = 0.0, 
....................    d = 0.0, 
....................    kp = 1, 
....................    ki = 1, 
....................    kd = 1, 
....................    tempoEmCadaLeitura = 0; 
.................... float to = 0.0; 
....................  
....................  
.................... #INT_RTCC 
.................... void  RTCC_isr(void)  
.................... { 
....................    /* 
....................    Configuração do PWM para 1s -> 1000ms 
....................    A interrupção leva 0,0512ms para ser acionada 
....................    Se queremos que o PWM tenha 1000ms de tempo total 
....................    Dividimos isso pelo tempo que leva cada "ciclo" (valor declarado ao criar o timer0, linha 87) 
....................    1000ms/0,0512ms = 19.53 -> 20 ciclos 
....................    Agora precisamos converter a entrada (que pode variar entre 0 a +100) 
....................    Para a quantidade de ciclos, que no maximo é 20 
....................    (20*valorPWM)/100 -> valorPWM*(20/100) -> valorPWM*0.2 
....................    */ 
....................    to*0.2; 
*
00CC:  MOVF   48,W
00CD:  MOVWF  61
00CE:  MOVF   47,W
00CF:  MOVWF  60
00D0:  MOVF   46,W
00D1:  MOVWF  5F
00D2:  MOVF   45,W
00D3:  MOVWF  5E
00D4:  MOVLW  CD
00D5:  MOVWF  65
00D6:  MOVLW  CC
00D7:  MOVWF  64
00D8:  MOVLW  4C
00D9:  MOVWF  63
00DA:  MOVLW  7C
00DB:  MOVWF  62
00DC:  CALL   057
....................    if(passos <= to){ 
00DD:  CLRF   5F
00DE:  MOVF   2C,W
00DF:  MOVWF  5E
*
00FC:  MOVF   7A,W
00FD:  MOVWF  61
00FE:  MOVF   79,W
00FF:  MOVWF  60
0100:  MOVF   78,W
0101:  MOVWF  5F
0102:  MOVF   77,W
0103:  MOVWF  5E
0104:  MOVF   48,W
0105:  MOVWF  65
0106:  MOVF   47,W
0107:  MOVWF  64
0108:  MOVF   46,W
0109:  MOVWF  63
010A:  MOVF   45,W
010B:  MOVWF  62
*
014A:  BTFSC  03.0
014B:  GOTO   14E
014C:  BTFSS  03.2
014D:  GOTO   155
....................       output_high(PIN_C5); 
014E:  BCF    49.5
014F:  MOVF   49,W
0150:  BSF    03.5
0151:  MOVWF  07
0152:  BCF    03.5
0153:  BSF    07.5
....................    }else{ 
0154:  GOTO   15B
....................       output_low(PIN_C5); 
0155:  BCF    49.5
0156:  MOVF   49,W
0157:  BSF    03.5
0158:  MOVWF  07
0159:  BCF    03.5
015A:  BCF    07.5
....................    } 
....................     
....................    passos++; 
015B:  INCF   2C,F
....................    if(passos == 20){ 
015C:  MOVF   2C,W
015D:  SUBLW  14
015E:  BTFSC  03.2
....................       passos = 0;         
015F:  CLRF   2C
....................    } 
....................     
0160:  BCF    0B.2
0161:  BCF    0A.3
0162:  BCF    0A.4
0163:  GOTO   02B
.................... } 
....................  
.................... void main() 
*
0563:  MOVF   03,W
0564:  ANDLW  1F
0565:  MOVWF  03
0566:  MOVLW  81
0567:  BSF    03.5
0568:  MOVWF  19
0569:  MOVLW  A6
056A:  MOVWF  18
056B:  MOVLW  90
056C:  BCF    03.5
056D:  MOVWF  18
056E:  CLRF   2C
056F:  CLRF   2E
0570:  CLRF   2D
0571:  CLRF   30
0572:  CLRF   2F
0573:  CLRF   32
0574:  CLRF   31
0575:  CLRF   34
0576:  CLRF   33
0577:  CLRF   36
0578:  CLRF   35
0579:  CLRF   38
057A:  CLRF   37
057B:  CLRF   3A
057C:  CLRF   39
057D:  CLRF   3C
057E:  CLRF   3B
057F:  CLRF   3E
0580:  MOVLW  01
0581:  MOVWF  3D
0582:  CLRF   40
0583:  MOVWF  3F
0584:  CLRF   42
0585:  MOVWF  41
0586:  CLRF   44
0587:  CLRF   43
0588:  CLRF   48
0589:  CLRF   47
058A:  CLRF   46
058B:  CLRF   45
058C:  MOVLW  FF
058D:  MOVWF  49
058E:  BSF    03.5
058F:  BSF    1F.0
0590:  BSF    1F.1
0591:  BSF    1F.2
0592:  BCF    1F.3
0593:  MOVLW  07
0594:  MOVWF  1C
0595:  BCF    03.7
.................... { 
....................    setup_adc_ports(AN0_AN1_AN2_AN3_AN4); 
0596:  BCF    1F.0
0597:  BSF    1F.1
0598:  BCF    1F.2
0599:  BCF    1F.3
....................    set_adc_channel(0); 
059A:  MOVLW  00
059B:  MOVWF  78
059C:  BCF    03.5
059D:  MOVF   1F,W
059E:  ANDLW  C7
059F:  IORWF  78,W
05A0:  MOVWF  1F
....................    delay_us(10); 
05A1:  MOVLW  10
05A2:  MOVWF  77
05A3:  DECFSZ 77,F
05A4:  GOTO   5A3
05A5:  NOP
....................     
....................    lcd_ini(); 
05A6:  GOTO   1D0
....................     
....................    delay_us(10); 
05A7:  MOVLW  10
05A8:  MOVWF  77
05A9:  DECFSZ 77,F
05AA:  GOTO   5A9
05AB:  NOP
....................     
....................     
....................    setup_adc(ADC_CLOCK_DIV_16); 
05AC:  BSF    03.5
05AD:  BSF    1F.6
05AE:  BCF    03.5
05AF:  BSF    1F.6
05B0:  BCF    1F.7
05B1:  BSF    03.5
05B2:  BSF    1F.7
05B3:  BCF    03.5
05B4:  BSF    1F.0
....................    setup_timer_0(RTCC_INTERNAL|RTCC_DIV_1|RTCC_8_bit);      //51,2 us overflow 
05B5:  BSF    03.5
05B6:  MOVF   01,W
05B7:  ANDLW  C7
05B8:  IORLW  08
05B9:  MOVWF  01
....................    setup_timer_2(T2_DIV_BY_16,255,1);      //819 us overflow, 819 us interrupt 
05BA:  MOVLW  00
05BB:  MOVWF  78
05BC:  IORLW  06
05BD:  BCF    03.5
05BE:  MOVWF  12
05BF:  MOVLW  FF
05C0:  BSF    03.5
05C1:  MOVWF  12
....................  
....................    setup_ccp1(CCP_PWM); 
05C2:  BCF    03.5
05C3:  BCF    49.2
05C4:  MOVF   49,W
05C5:  BSF    03.5
05C6:  MOVWF  07
05C7:  BCF    03.5
05C8:  BCF    07.2
05C9:  MOVLW  0C
05CA:  MOVWF  17
....................    set_pwm1_duty((int16)510); 
05CB:  MOVLW  7F
05CC:  MOVWF  15
05CD:  MOVF   17,W
05CE:  ANDLW  CF
05CF:  IORLW  20
05D0:  MOVWF  17
....................  
....................    enable_interrupts(INT_RTCC); 
05D1:  BSF    0B.5
....................    enable_interrupts(GLOBAL); 
05D2:  MOVLW  C0
05D3:  IORWF  0B,F
....................  
....................    while(TRUE) 
....................    { 
....................       //Entradas 
....................       //0 - 1024 
....................       temperaturaLida = leituraADC(2)/2; 
05D4:  MOVLW  02
05D5:  MOVWF  4A
05D6:  CALL   20D
05D7:  MOVF   79,W
05D8:  MOVWF  4B
05D9:  BCF    03.0
05DA:  RRF    79,W
05DB:  MOVWF  7A
05DC:  RRF    78,W
05DD:  MOVWF  79
05DE:  MOVWF  2D
05DF:  MOVF   7A,W
05E0:  MOVWF  2E
....................       temperaturaUsuario = leituraADC(0); 
05E1:  CLRF   4A
05E2:  CALL   20D
05E3:  MOVF   79,W
05E4:  MOVWF  30
05E5:  MOVF   78,W
05E6:  MOVWF  2F
....................       set_pwm1_duty(leituraADC(1)); 
05E7:  MOVLW  01
05E8:  MOVWF  4A
05E9:  CALL   20D
05EA:  MOVF   79,W
05EB:  MOVWF  4B
05EC:  MOVF   78,W
05ED:  MOVWF  4A
05EE:  RRF    4B,F
05EF:  RRF    4A,F
05F0:  RRF    4B,F
05F1:  RRF    4A,F
05F2:  RRF    4B,F
05F3:  MOVF   4A,W
05F4:  MOVWF  15
05F5:  RRF    4B,F
05F6:  RRF    4B,W
05F7:  ANDLW  30
05F8:  MOVWF  77
05F9:  MOVF   17,W
05FA:  ANDLW  CF
05FB:  IORWF  77,W
05FC:  MOVWF  17
....................       //Convertendo  
....................       //Temperatura Max é +50ºC 
....................       //AD -> ºC = 1024 / (leitura * 50) 
....................       // leitura*0.048 
....................       temperaturaUsuario = (temperaturaUsuario*0.048)+28; //Temperatura minima é 28 então é de 28 a 77 
05FD:  MOVF   30,W
05FE:  MOVWF  4B
05FF:  MOVF   2F,W
0600:  MOVWF  4A
0601:  CALL   228
0602:  CLRF   2B
0603:  BTFSC  0B.7
0604:  BSF    2B.7
0605:  BCF    0B.7
0606:  MOVF   7A,W
0607:  MOVWF  61
0608:  MOVF   79,W
0609:  MOVWF  60
060A:  MOVF   78,W
060B:  MOVWF  5F
060C:  MOVF   77,W
060D:  MOVWF  5E
060E:  MOVLW  A6
060F:  MOVWF  65
0610:  MOVLW  9B
0611:  MOVWF  64
0612:  MOVLW  44
0613:  MOVWF  63
0614:  MOVLW  7A
0615:  MOVWF  62
0616:  CALL   057
0617:  BTFSC  2B.7
0618:  BSF    0B.7
0619:  MOVF   7A,W
061A:  MOVWF  4D
061B:  MOVF   79,W
061C:  MOVWF  4C
061D:  MOVF   78,W
061E:  MOVWF  4B
061F:  MOVF   77,W
0620:  MOVWF  4A
0621:  BCF    03.1
0622:  MOVF   7A,W
0623:  MOVWF  51
0624:  MOVF   79,W
0625:  MOVWF  50
0626:  MOVF   78,W
0627:  MOVWF  4F
0628:  MOVF   77,W
0629:  MOVWF  4E
062A:  CLRF   55
062B:  CLRF   54
062C:  MOVLW  60
062D:  MOVWF  53
062E:  MOVLW  83
062F:  MOVWF  52
0630:  GOTO   24D
0631:  MOVF   7A,W
0632:  MOVWF  4D
0633:  MOVF   79,W
0634:  MOVWF  4C
0635:  MOVF   78,W
0636:  MOVWF  4B
0637:  MOVF   77,W
0638:  MOVWF  4A
0639:  GOTO   390
063A:  MOVF   79,W
063B:  MOVWF  30
063C:  MOVF   78,W
063D:  MOVWF  2F
....................        
....................       tempoEmCadaLeitura = 1; //Segundos 
063E:  CLRF   44
063F:  MOVLW  01
0640:  MOVWF  43
....................       //PID 
....................       erro = temperaturaUsuario - temperaturaLida; 
0641:  MOVF   2D,W
0642:  SUBWF  2F,W
0643:  MOVWF  35
0644:  MOVF   30,W
0645:  MOVWF  36
0646:  MOVF   2E,W
0647:  BTFSS  03.0
0648:  INCFSZ 2E,W
0649:  SUBWF  36,F
....................        
....................       //P -> incremento no valor de saida para ir corrigindo o erro 
....................       p = erro * kp; 
064A:  MOVF   36,W
064B:  MOVWF  4D
064C:  MOVF   35,W
064D:  MOVWF  4C
064E:  MOVF   3E,W
064F:  MOVWF  4F
0650:  MOVF   3D,W
0651:  MOVWF  4E
0652:  CALL   3B1
0653:  MOVF   79,W
0654:  MOVWF  38
0655:  MOVF   78,W
0656:  MOVWF  37
....................        
....................       //I -> soma o erro para fazer com que se aproxime a zero 
....................       i += erro * ki * tempoEmCadaLeitura; 
0657:  MOVF   36,W
0658:  MOVWF  4D
0659:  MOVF   35,W
065A:  MOVWF  4C
065B:  MOVF   40,W
065C:  MOVWF  4F
065D:  MOVF   3F,W
065E:  MOVWF  4E
065F:  CALL   3B1
0660:  MOVF   79,W
0661:  MOVWF  4B
0662:  MOVF   78,W
0663:  MOVWF  4A
0664:  MOVF   79,W
0665:  MOVWF  4D
0666:  MOVF   78,W
0667:  MOVWF  4C
0668:  MOVF   44,W
0669:  MOVWF  4F
066A:  MOVF   43,W
066B:  MOVWF  4E
066C:  CALL   3B1
066D:  MOVF   78,W
066E:  ADDWF  39,F
066F:  MOVF   79,W
0670:  BTFSC  03.0
0671:  INCFSZ 79,W
0672:  ADDWF  3A,F
....................        
....................       //D -> variação da leitura passada para a leitura agora 
....................       d = (ultimaTemperatura - temperaturaLida) * kd * tempoEmCadaLeitura; 
0673:  MOVF   2D,W
0674:  SUBWF  31,W
0675:  MOVWF  4A
0676:  MOVF   32,W
0677:  MOVWF  4B
0678:  MOVF   2E,W
0679:  BTFSS  03.0
067A:  INCFSZ 2E,W
067B:  SUBWF  4B,F
067C:  MOVF   4B,W
067D:  MOVWF  4D
067E:  MOVF   4A,W
067F:  MOVWF  4C
0680:  MOVF   42,W
0681:  MOVWF  4F
0682:  MOVF   41,W
0683:  MOVWF  4E
0684:  CALL   3B1
0685:  MOVF   79,W
0686:  MOVWF  4B
0687:  MOVF   78,W
0688:  MOVWF  4A
0689:  MOVF   79,W
068A:  MOVWF  4D
068B:  MOVF   78,W
068C:  MOVWF  4C
068D:  MOVF   44,W
068E:  MOVWF  4F
068F:  MOVF   43,W
0690:  MOVWF  4E
0691:  CALL   3B1
0692:  MOVF   79,W
0693:  MOVWF  3C
0694:  MOVF   78,W
0695:  MOVWF  3B
....................       ultimaTemperatura = temperaturaLida; 
0696:  MOVF   2E,W
0697:  MOVWF  32
0698:  MOVF   2D,W
0699:  MOVWF  31
....................        
....................       //Valor de negativo a positivo 
....................       controlePID = p+i+d; 
069A:  MOVF   39,W
069B:  ADDWF  37,W
069C:  MOVWF  4A
069D:  MOVF   38,W
069E:  MOVWF  4B
069F:  MOVF   3A,W
06A0:  BTFSC  03.0
06A1:  INCFSZ 3A,W
06A2:  ADDWF  4B,F
06A3:  MOVF   3B,W
06A4:  ADDWF  4A,W
06A5:  MOVWF  33
06A6:  MOVF   4B,W
06A7:  MOVWF  34
06A8:  MOVF   3C,W
06A9:  BTFSC  03.0
06AA:  INCFSZ 3C,W
06AB:  ADDWF  34,F
....................        
....................       //Saida Controle para o acionador; 
....................       to = controlePID; 
06AC:  MOVF   34,W
06AD:  MOVWF  4B
06AE:  MOVF   33,W
06AF:  MOVWF  4A
06B0:  CALL   228
06B1:  MOVF   7A,W
06B2:  MOVWF  48
06B3:  MOVF   79,W
06B4:  MOVWF  47
06B5:  MOVF   78,W
06B6:  MOVWF  46
06B7:  MOVF   77,W
06B8:  MOVWF  45
....................        
....................       printf(lcd_escreve,"\f E: %Ld T: %Ld \n",temperaturaUsuario,temperaturaLida); 
06B9:  MOVLW  64
06BA:  BSF    03.6
06BB:  MOVWF  0D
06BC:  MOVLW  01
06BD:  MOVWF  0F
06BE:  BCF    03.0
06BF:  MOVLW  05
06C0:  BCF    03.6
06C1:  MOVWF  4A
06C2:  CALL   416
06C3:  MOVLW  10
06C4:  MOVWF  04
06C5:  MOVF   30,W
06C6:  MOVWF  4B
06C7:  MOVF   2F,W
06C8:  MOVWF  4A
06C9:  CALL   46D
06CA:  MOVLW  68
06CB:  BSF    03.6
06CC:  MOVWF  0D
06CD:  MOVLW  01
06CE:  MOVWF  0F
06CF:  BCF    03.0
06D0:  MOVLW  04
06D1:  BCF    03.6
06D2:  MOVWF  4A
06D3:  CALL   416
06D4:  MOVLW  10
06D5:  MOVWF  04
06D6:  MOVF   2E,W
06D7:  MOVWF  4B
06D8:  MOVF   2D,W
06D9:  MOVWF  4A
06DA:  CALL   46D
06DB:  MOVLW  20
06DC:  MOVWF  53
06DD:  CALL   3DF
06DE:  MOVLW  0A
06DF:  MOVWF  53
06E0:  CALL   3DF
....................       printf(lcd_escreve,"\r PID: %Ld \n",controlePID); 
06E1:  MOVLW  6D
06E2:  BSF    03.6
06E3:  MOVWF  0D
06E4:  MOVLW  01
06E5:  MOVWF  0F
06E6:  BCF    03.0
06E7:  MOVLW  07
06E8:  BCF    03.6
06E9:  MOVWF  4A
06EA:  CALL   416
06EB:  MOVLW  10
06EC:  MOVWF  04
06ED:  MOVF   34,W
06EE:  MOVWF  4B
06EF:  MOVF   33,W
06F0:  MOVWF  4A
06F1:  CALL   46D
06F2:  MOVLW  20
06F3:  MOVWF  53
06F4:  CALL   3DF
06F5:  MOVLW  0A
06F6:  MOVWF  53
06F7:  CALL   3DF
....................       fprintf(Serial,"%Ld %Ld %Ld %Ld\n",temperaturaUsuario,temperaturaLida,erro,controlePID); 
06F8:  MOVLW  10
06F9:  MOVWF  04
06FA:  MOVF   30,W
06FB:  MOVWF  4B
06FC:  MOVF   2F,W
06FD:  MOVWF  4A
06FE:  CALL   4ED
06FF:  MOVLW  20
0700:  BTFSS  0C.4
0701:  GOTO   700
0702:  MOVWF  19
0703:  MOVLW  10
0704:  MOVWF  04
0705:  MOVF   2E,W
0706:  MOVWF  4B
0707:  MOVF   2D,W
0708:  MOVWF  4A
0709:  CALL   4ED
070A:  MOVLW  20
070B:  BTFSS  0C.4
070C:  GOTO   70B
070D:  MOVWF  19
070E:  MOVLW  10
070F:  MOVWF  04
0710:  MOVF   36,W
0711:  MOVWF  4B
0712:  MOVF   35,W
0713:  MOVWF  4A
0714:  CALL   4ED
0715:  MOVLW  20
0716:  BTFSS  0C.4
0717:  GOTO   716
0718:  MOVWF  19
0719:  MOVLW  10
071A:  MOVWF  04
071B:  MOVF   34,W
071C:  MOVWF  4B
071D:  MOVF   33,W
071E:  MOVWF  4A
071F:  CALL   4ED
0720:  MOVLW  0A
0721:  BTFSS  0C.4
0722:  GOTO   721
0723:  MOVWF  19
....................       delay_ms(10); 
0724:  MOVLW  0A
0725:  MOVWF  54
0726:  CALL   174
0727:  GOTO   5D4
....................    } 
.................... } 
0728:  SLEEP

Configuration Fuses:
   Word  1: 3F32   HS NOWDT PUT NOBROWNOUT NOLVP NOCPD NOWRT NODEBUG NOPROTECT
